<?xml version="1.0" encoding="utf-8"?><testsuites name="pytest tests"><testsuite name="pytest" errors="0" failures="0" skipped="0" tests="15" time="5.945" timestamp="2026-03-26T10:08:09.380634+00:00" hostname="agent-env-da4cac5e-4582-4778-9fe9-2bf9f3513bca"><testcase classname="tests.test_zyakka_api.TestHealth" name="test_health_check" time="0.164" /><testcase classname="tests.test_zyakka_api.TestAuth" name="test_register_new_user" time="0.473" /><testcase classname="tests.test_zyakka_api.TestAuth" name="test_register_duplicate_email" time="0.450" /><testcase classname="tests.test_zyakka_api.TestAuth" name="test_login_success" time="0.680" /><testcase classname="tests.test_zyakka_api.TestAuth" name="test_login_invalid_credentials" time="0.099" /><testcase classname="tests.test_zyakka_api.TestAuth" name="test_demo_kitchen_login" time="0.317" /><testcase classname="tests.test_zyakka_api.TestAuth" name="test_demo_admin_login" time="0.330" /><testcase classname="tests.test_zyakka_api.TestRestaurants" name="test_list_all_restaurants" time="0.103" /><testcase classname="tests.test_zyakka_api.TestRestaurants" name="test_filter_veg_restaurants" time="0.109" /><testcase classname="tests.test_zyakka_api.TestRestaurants" name="test_get_restaurant_by_id" time="0.216" /><testcase classname="tests.test_zyakka_api.TestRestaurants" name="test_get_nonexistent_restaurant" time="0.105" /><testcase classname="tests.test_zyakka_api.TestCart" name="test_get_empty_cart" time="0.424" /><testcase classname="tests.test_zyakka_api.TestCart" name="test_add_item_to_cart" time="0.750" /><testcase classname="tests.test_zyakka_api.TestCart" name="test_update_cart_item" time="0.749" /><testcase classname="tests.test_zyakka_api.TestCart" name="test_clear_cart" time="0.877" /></testsuite></testsuites>